<?xml version="1.0" encoding="UTF-8"?>
<!-- Generated by org.testng.reporters.JUnitReportReporter -->
<testsuite hostname="PRASATH" failures="0" tests="3" name="com.comcast.crm.contactNG.CreateContactTest" time="27.608" errors="0" timestamp="2024-11-12T10:41:09 IST" skipped="0">
  <testcase classname="com.comcast.crm.contactNG.CreateContactTest" name="Createcontactlastname" time="6.460"/>
  <testcase classname="com.comcast.crm.contactNG.CreateContactTest" name="CreateContactWithOrgTest" time="14.151"/>
  <testcase classname="com.comcast.crm.contactNG.CreateContactTest" name="createContactWithSupportingDateTest" time="6.997"/>
</testsuite> <!-- com.comcast.crm.contactNG.CreateContactTest -->
