<?xml version="1.0" encoding="UTF-8"?>
<!-- Generated by org.testng.reporters.JUnitReportReporter -->
<testsuite hostname="PRASATH" failures="0" tests="3" name="com.comcast.crm.contactNG.CreateContactTest" time="25.016" errors="0" timestamp="2024-11-12T11:04:41 IST" skipped="0">
  <testcase classname="com.comcast.crm.contactNG.CreateContactTest" name="createContactWithSupportingDateTest" time="8.192"/>
  <testcase classname="com.comcast.crm.contactNG.CreateContactTest" name="CreateContactWithOrgTest" time="10.513"/>
  <testcase classname="com.comcast.crm.contactNG.CreateContactTest" name="Createcontactlastname" time="6.311"/>
</testsuite> <!-- com.comcast.crm.contactNG.CreateContactTest -->
